<?xml version="1.0" encoding="UTF-8"?>
<!-- Generated by org.testng.reporters.JUnitXMLReporter -->
<testsuite hostname="nguyens-Mac.local" name="Selenium - TestNG - Safari on Mac" tests="4" failures="1" timestamp="12 Apr 2018 11:44:52 GMT" time="340.174" errors="0">
  <testcase name="TC001_Order_Item_By_Searching" time="57.54" classname="FptShop.FunctionalTests.QTiumDemo"/>
  <testcase name="TC002_Order_Item_By_Category" time="74.422" classname="FptShop.FunctionalTests.QTiumDemo"/>
  <testcase name="TC003_Pre_Order_Item_By_Category_Banner" time="90.525" classname="FptShop.FunctionalTests.QTiumDemo">
    <failure type="org.openqa.selenium.NoSuchElementException" message="Could not find element: {&amp;quot;using&amp;quot;:&amp;quot;xpath&amp;quot;,&amp;quot;value&amp;quot;:&amp;quot;//a[contains(@class,&amp;apos;btnOrderX&amp;apos;)]&amp;quot;} (WARNING: The server did not provide any stacktrace information)
Command duration or timeout: 15.03 seconds
For documentation on this error, please visit: http://seleniumhq.org/exceptions/no_such_element.html
Build info: version: &amp;apos;2.42.2&amp;apos;, revision: &amp;apos;6a6995d&amp;apos;, time: &amp;apos;2014-06-03 17:42:30&amp;apos;
System info: host: &amp;apos;nguyens-Mac.local&amp;apos;, ip: &amp;apos;192.168.85.128&amp;apos;, os.name: &amp;apos;Mac OS X&amp;apos;, os.arch: &amp;apos;x86_64&amp;apos;, os.version: &amp;apos;10.12&amp;apos;, java.version: &amp;apos;1.8.0_162&amp;apos;
Driver info: org.openqa.selenium.safari.SafariDriver
Capabilities [{browserName=safari, takesScreenshot=true, javascriptEnabled=true, version=10.0, cssSelectorsEnabled=true, platform=MAC, secureSsl=true}]
Session ID: null">
      <![CDATA[org.openqa.selenium.NoSuchElementException: Could not find element: {"using":"xpath","value":"//a[contains(@class,'btnOrderX')]"} (WARNING: The server did not provide any stacktrace information)
Command duration or timeout: 15.03 seconds
For documentation on this error, please visit: http://seleniumhq.org/exceptions/no_such_element.html
Build info: version: '2.42.2', revision: '6a6995d', time: '2014-06-03 17:42:30'
System info: host: 'nguyens-Mac.local', ip: '192.168.85.128', os.name: 'Mac OS X', os.arch: 'x86_64', os.version: '10.12', java.version: '1.8.0_162'
Driver info: org.openqa.selenium.safari.SafariDriver
Capabilities [{browserName=safari, takesScreenshot=true, javascriptEnabled=true, version=10.0, cssSelectorsEnabled=true, platform=MAC, secureSsl=true}]
Session ID: null
	at org.openqa.selenium.remote.ErrorHandler.createThrowable(ErrorHandler.java:204)
	at org.openqa.selenium.remote.ErrorHandler.throwIfResponseFailed(ErrorHandler.java:156)
	at org.openqa.selenium.remote.RemoteWebDriver.execute(RemoteWebDriver.java:599)
	at org.openqa.selenium.remote.RemoteWebDriver.findElement(RemoteWebDriver.java:352)
	at org.openqa.selenium.remote.RemoteWebDriver.findElementByXPath(RemoteWebDriver.java:449)
	at org.openqa.selenium.By$ByXPath.findElement(By.java:357)
	at org.openqa.selenium.remote.RemoteWebDriver.findElement(RemoteWebDriver.java:344)
	at com.logigear.selenium.QTiumAutomation.click(QTiumAutomation.java:271)
	at FptShop.PreOrderPage.orderNow(PreOrderPage.java:17)
	at FptShop.FunctionalTests.QTiumDemo.TC003_Pre_Order_Item_By_Category_Banner(QTiumDemo.java:112)
... Removed 28 stack frames]]>
    </failure>
  </testcase> <!-- TC003_Pre_Order_Item_By_Category_Banner -->
  <testcase name="TC004_Installment_Buying" time="47.794" classname="FptShop.FunctionalTests.QTiumDemo"/>
</testsuite> <!-- Selenium - TestNG - Safari on Mac -->
